WARNING: A terminally deprecated method in sun.misc.Unsafe has been called
WARNING: sun.misc.Unsafe::staticFieldBase has been called by com.google.inject.internal.aop.HiddenClassDefiner (file:/C:/Users/haiyangl/dev-softwares/apache-maven-3.9.11/lib/guice-5.1.0-classes.jar)
WARNING: Please consider reporting this to the maintainers of class com.google.inject.internal.aop.HiddenClassDefiner
WARNING: sun.misc.Unsafe::staticFieldBase will be removed in a future release
[INFO] Scanning for projects...
[INFO] Inspecting build with total of 1 modules
[INFO] Installing Central Publishing features
[INFO] 
[INFO] ------------------< com.landawn.abacus:abacus-query >-------------------
[INFO] Building abacus-query 4.8.1
[INFO]   from pom.xml
[INFO] --------------------------------[ jar ]---------------------------------
[INFO] 
[INFO] --- javadoc:3.12.0:jar (default-cli) @ abacus-query ---
[WARNING] Javadoc Warnings
[WARNING] C:\Users\haiyangl\Landawn\abacus-query\src\main\java\com\landawn\abacus\query\SqlDialect.java:66: warning: use of default constructor, which does not provide a comment
[WARNING] public class SqlDialect {
[WARNING] ^
[WARNING] 1 warning
[INFO] Building jar: C:\Users\haiyangl\Landawn\abacus-query\target\abacus-query-4.8.1-javadoc.jar
[INFO] ------------------------------------------------------------------------
[INFO] BUILD SUCCESS
[INFO] ------------------------------------------------------------------------
[INFO] Total time:  4.354 s
[INFO] Finished at: 2026-06-25T22:29:11-07:00
[INFO] ------------------------------------------------------------------------
