[ERROR]   Run 3: AbacusQueryTestSuite.testUpdateWithMap ｻ NoClassDefFound Could not initialize class com.landawn.abacus.query.Dsl
[ERROR]   Run 4: AbacusQueryTestSuite.testUpdateWithMap ｻ NoClassDefFound Could not initialize class com.landawn.abacus.query.Dsl
[ERROR]   Run 5: AbacusQueryTestSuite.testUpdateWithMap ｻ NoClassDefFound Could not initialize class com.landawn.abacus.query.Dsl
[ERROR]   AbacusQueryTestSuite.testUpdateWithMultipleSet ｻ NoClassDefFound Could not initialize class com.landawn.abacus.query.Dsl
[ERROR]   AbacusQueryTestSuite.testUpdateWithSet ｻ NoClassDefFound Could not initialize class com.landawn.abacus.query.Dsl
[ERROR]   AbacusQueryTestSuite.testUpdateWithoutSet ｻ NoClassDefFound Could not initialize class com.landawn.abacus.query.Dsl
[ERROR] com.landawn.abacus.AbacusQueryTestSuite.testUpdate_EntityClass
[ERROR]   Run 1: AbacusQueryTestSuite.testUpdate_EntityClass ｻ NoClassDefFound Could not initialize class com.landawn.abacus.query.Dsl
[ERROR]   Run 2: AbacusQueryTestSuite.testUpdate_EntityClass ｻ NoClassDefFound Could not initialize class com.landawn.abacus.query.Dsl
[ERROR]   Run 3: AbacusQueryTestSuite.testUpdate_EntityClass ｻ NoClassDefFound Could not initialize class com.landawn.abacus.query.Dsl
[ERROR]   Run 4: AbacusQueryTestSuite.testUpdate_EntityClass ｻ NoClassDefFound Could not initialize class com.landawn.abacus.query.Dsl
[ERROR] com.landawn.abacus.AbacusQueryTestSuite.testUpdate_EntityClassWithExcludedProps
[ERROR]   Run 1: AbacusQueryTestSuite.testUpdate_EntityClassWithExcludedProps ｻ NoClassDefFound Could not initialize class com.landawn.abacus.query.Dsl
[ERROR]   Run 2: AbacusQueryTestSuite.testUpdate_EntityClassWithExcludedProps ｻ NoClassDefFound Could not initialize class com.landawn.abacus.query.Dsl
[ERROR] com.landawn.abacus.AbacusQueryTestSuite.testUpdate_TableName
[ERROR]   Run 1: AbacusQueryTestSuite.testUpdate_TableName ｻ NoClassDefFound Could not initialize class com.landawn.abacus.query.Dsl
[ERROR]   Run 2: AbacusQueryTestSuite.testUpdate_TableName ｻ NoClassDefFound Could not initialize class com.landawn.abacus.query.Dsl
[ERROR]   Run 3: AbacusQueryTestSuite.testUpdate_TableName ｻ NoClassDefFound Could not initialize class com.landawn.abacus.query.Dsl
[ERROR]   Run 4: AbacusQueryTestSuite.testUpdate_TableName ｻ NoClassDefFound Could not initialize class com.landawn.abacus.query.Dsl
[ERROR] com.landawn.abacus.AbacusQueryTestSuite.testUpdate_TableNameWithEntityClass
[ERROR]   Run 1: AbacusQueryTestSuite.testUpdate_TableNameWithEntityClass ｻ NoClassDefFound Could not initialize class com.landawn.abacus.query.Dsl
[ERROR]   Run 2: AbacusQueryTestSuite.testUpdate_TableNameWithEntityClass ｻ NoClassDefFound Could not initialize class com.landawn.abacus.query.Dsl
[ERROR] com.landawn.abacus.AbacusQueryTestSuite.testUsing
[ERROR]   Run 1: AbacusQueryTestSuite.testUsing ｻ NoClassDefFound Could not initialize class com.landawn.abacus.query.Dsl
[ERROR]   Run 2: AbacusQueryTestSuite.testUsing ｻ NoClassDefFound Could not initialize class com.landawn.abacus.query.Dsl
[ERROR]   AbacusQueryTestSuite.testUsing_collection ｻ NoClassDefFound Could not initialize class com.landawn.abacus.query.Dsl
[ERROR]   AbacusQueryTestSuite.testUsing_varargs ｻ NoClassDefFound Could not initialize class com.landawn.abacus.query.Dsl
[ERROR]   AbacusQueryTestSuite.testVeryLongColumnList ｻ NoClassDefFound Could not initialize class com.landawn.abacus.query.Dsl
[ERROR] com.landawn.abacus.AbacusQueryTestSuite.testWhere
[ERROR]   Run 2: AbacusQueryTestSuite.testWhere ｻ NoClassDefFound Could not initialize class com.landawn.abacus.query.Dsl
[ERROR]   AbacusQueryTestSuite.testWhereAndHavingNestedInJunction ｻ NoClassDefFound Could not initialize class com.landawn.abacus.query.Dsl
[ERROR]   AbacusQueryTestSuite.testWhereBetween ｻ NoClassDefFound Could not initialize class com.landawn.abacus.query.Dsl
[ERROR]   AbacusQueryTestSuite.testWhereClause ｻ NoClassDefFound Could not initialize class com.landawn.abacus.query.Dsl
[ERROR]   AbacusQueryTestSuite.testWhereEqual ｻ NoClassDefFound Could not initialize class com.landawn.abacus.query.Dsl
[ERROR]   AbacusQueryTestSuite.testWhereGreaterThan ｻ NoClassDefFound Could not initialize class com.landawn.abacus.query.Dsl
[ERROR]   AbacusQueryTestSuite.testWhereGreaterThanOrEqual ｻ NoClassDefFound Could not initialize class com.landawn.abacus.query.Dsl
[ERROR]   AbacusQueryTestSuite.testWhereIn ｻ NoClassDefFound Could not initialize class com.landawn.abacus.query.Dsl
[ERROR]   AbacusQueryTestSuite.testWhereIsNotNull ｻ NoClassDefFound Could not initialize class com.landawn.abacus.query.Dsl
[ERROR]   AbacusQueryTestSuite.testWhereIsNotWithNullValue ｻ NoClassDefFound Could not initialize class com.landawn.abacus.query.Dsl
[ERROR]   AbacusQueryTestSuite.testWhereIsNull ｻ NoClassDefFound Could not initialize class com.landawn.abacus.query.Dsl
[ERROR]   AbacusQueryTestSuite.testWhereIsWithNullValue ｻ NoClassDefFound Could not initialize class com.landawn.abacus.query.Dsl
[ERROR]   AbacusQueryTestSuite.testWhereLessThan ｻ NoClassDefFound Could not initialize class com.landawn.abacus.query.Dsl
[ERROR]   AbacusQueryTestSuite.testWhereLessThanOrEqual ｻ NoClassDefFound Could not initialize class com.landawn.abacus.query.Dsl
[ERROR]   AbacusQueryTestSuite.testWhereLike ｻ NoClassDefFound Could not initialize class com.landawn.abacus.query.Dsl
[ERROR]   AbacusQueryTestSuite.testWhereMultipleConditions ｻ NoClassDefFound Could not initialize class com.landawn.abacus.query.Dsl
[ERROR]   AbacusQueryTestSuite.testWhereNotEqual ｻ NoClassDefFound Could not initialize class com.landawn.abacus.query.Dsl
[ERROR]   AbacusQueryTestSuite.testWhereNullCheck ｻ NoClassDefFound Could not initialize class com.landawn.abacus.query.Dsl
[ERROR]   AbacusQueryTestSuite.testWhereOperations ｻ NoClassDefFound Could not initialize class com.landawn.abacus.query.Dsl
[ERROR] com.landawn.abacus.AbacusQueryTestSuite.testWhereOr
[ERROR]   Run 1: AbacusQueryTestSuite.testWhereOr ｻ NoClassDefFound Could not initialize class com.landawn.abacus.query.Dsl
[ERROR]   AbacusQueryTestSuite.testWhereWithNestedAndOr ｻ NoClassDefFound Could not initialize class com.landawn.abacus.query.Dsl
[ERROR]   AbacusQueryTestSuite.testWhereWithOr ｻ NoClassDefFound Could not initialize class com.landawn.abacus.query.Dsl
[ERROR] com.landawn.abacus.AbacusQueryTestSuite.testWindowFunctions
[ERROR]   Run 1: AbacusQueryTestSuite.testWindowFunctions ｻ NoClassDefFound Could not initialize class com.landawn.abacus.query.Dsl
[ERROR]   Run 2: AbacusQueryTestSuite.testWindowFunctions ｻ NoClassDefFound Could not initialize class com.landawn.abacus.query.Dsl
[ERROR] Tests run: 4044, Failures: 46, Errors: 537, Skipped: 0
[ERROR] There are test failures.

See C:\Users\haiyangl\Landawn\abacus-query\target\surefire-reports for the individual test results.
See dump files (if any exist) [date].dump, [date]-jvmRun[N].dump and [date].dumpstream.
